Using pre-set license
Built from '2020.2/china_unity/release' branch; Version is '2020.2.6f1c1 (88e64323f9a5) revision 8971843'; Using compiler version '192528614'; Build Type 'Release'
OS: 'Windows 10 Enterprise LTSC 2019; OS build 17763.1999; Version 1809; 64bit' Language: 'zh' Physical Memory: 16308 MB
BatchMode: 1, IsHumanControllingUs: 0, StartBugReporterOnCrash: 0, Is64bit: 1, IsPro: 0

 COMMAND LINE ARGUMENTS:
E:\Unity 2020.1.14\Editor\2020.2.6f1c1\Editor\Unity.exe
-adb2
-batchMode
-noUpm
-name
AssetImportWorker0
-projectPath
G:/Resource/WorkSpace_Unity/UnityStudyRecord/Introduction_to_Job_System/Introduction to Job System Starter
-logFile
Logs/AssetImportWorker0.log
-srvPort
1701
Successfully changed project path to: G:/Resource/WorkSpace_Unity/UnityStudyRecord/Introduction_to_Job_System/Introduction to Job System Starter
G:/Resource/WorkSpace_Unity/UnityStudyRecord/Introduction_to_Job_System/Introduction to Job System Starter
Using Asset Import Pipeline V2.
Refreshing native plugins compatible for Editor in 25.00 ms, found 0 plugins.
Preloading 0 native plugins for Editor in 0.00 ms.
Initialize engine version: 2020.2.6f1c1 (88e64323f9a5)
[Subsystems] Discovering subsystems at path E:/Unity 2020.1.14/Editor/2020.2.6f1c1/Editor/Data/Resources/UnitySubsystems
[Subsystems] Discovering subsystems at path G:/Resource/WorkSpace_Unity/UnityStudyRecord/Introduction_to_Job_System/Introduction to Job System Starter/Assets
GfxDevice: creating device client; threaded=0
Direct3D:
    Version:  Direct3D 11.0 [level 11.1]
    Renderer: NVIDIA GeForce RTX 2060 (ID=0x1e89)
    Vendor:   
    VRAM:     5968 MB
    Driver:   27.21.14.6611
Initialize mono
Mono path[0] = 'E:/Unity 2020.1.14/Editor/2020.2.6f1c1/Editor/Data/Managed'
Mono path[1] = 'E:/Unity 2020.1.14/Editor/2020.2.6f1c1/Editor/Data/MonoBleedingEdge/lib/mono/unityjit'
Mono config path = 'E:/Unity 2020.1.14/Editor/2020.2.6f1c1/Editor/Data/MonoBleedingEdge/etc'
Using monoOptions --debugger-agent=transport=dt_socket,embedding=1,server=y,suspend=n,address=127.0.0.1:56324
Begin MonoManager ReloadAssembly
Registering precompiled unity dll's ...
Register platform support module: E:/Unity 2020.1.14/Editor/2020.2.6f1c1/Editor/Data/PlaybackEngines/WindowsStandaloneSupport/UnityEditor.WindowsStandalone.Extensions.dll
Registered in 0.000857 seconds.
Native extension for WindowsStandalone target not found
Refreshing native plugins compatible for Editor in 26.31 ms, found 0 plugins.
Preloading 0 native plugins for Editor in 0.00 ms.
Invoked RoslynAnalysisRunner static constructor.
RoslynAnalysisRunner will not be running.
RoslynAnalysisRunner has terminated.
Mono: successfully reloaded assembly
- Completed reload, in  0.809 seconds
Platform modules already initialized, skipping
Registering precompiled user dll's ...
Registered in 0.002382 seconds.
Begin MonoManager ReloadAssembly
Native extension for WindowsStandalone target not found
Refreshing native plugins compatible for Editor in 0.25 ms, found 0 plugins.
Preloading 0 native plugins for Editor in 0.00 ms.
Invoked RoslynAnalysisRunner static constructor.
RoslynAnalysisRunner will not be running.
RoslynAnalysisRunner has terminated.
Mono: successfully reloaded assembly
- Completed reload, in  1.384 seconds
Platform modules already initialized, skipping
========================================================================
Worker process is ready to serve import requests
Launched and connected shader compiler UnityShaderCompiler.exe after 0.04 seconds
Refreshing native plugins compatible for Editor in 0.27 ms, found 0 plugins.
Preloading 0 native plugins for Editor in 0.00 ms.
Unloading 1543 Unused Serialized files (Serialized files now loaded: 0)
System memory in use before: 81.1 MB.
System memory in use after: 81.2 MB.

Unloading 14 unused Assets to reduce memory usage. Loaded Objects now: 1983.
Total: 1.962200 ms (FindLiveObjects: 0.160500 ms CreateObjectMapping: 0.056600 ms MarkObjects: 1.688800 ms  DeleteObjects: 0.055400 ms)

========================================================================
Received Import Request.
  path: Assets/RW/Scripts/WaveGenerator.cs
  artifactKey: Guid(307715fb5205d6848a2e3dccdb7a41be) Importer(815301076,1909f56bfc062723c751e8b465ee728b)
Start importing Assets/RW/Scripts/WaveGenerator.cs using Guid(307715fb5205d6848a2e3dccdb7a41be) Importer(815301076,1909f56bfc062723c751e8b465ee728b)  -> (artifact id: '870aac0aced85c33e6540f7ecbfe48f7') in 0.063557 seconds
  Import took 0.065661 seconds .

========================================================================
Received Prepare
Registering precompiled user dll's ...
Registered in 0.144819 seconds.
Begin MonoManager ReloadAssembly
Native extension for WindowsStandalone target not found
Refreshing native plugins compatible for Editor in 0.25 ms, found 0 plugins.
Preloading 0 native plugins for Editor in 0.00 ms.
Invoked RoslynAnalysisRunner static constructor.
RoslynAnalysisRunner will not be running.
RoslynAnalysisRunner has terminated.
Mono: successfully reloaded assembly
- Completed reload, in  0.899 seconds
Platform modules already initialized, skipping
Refreshing native plugins compatible for Editor in 0.33 ms, found 0 plugins.
Preloading 0 native plugins for Editor in 0.00 ms.
Unloading 1536 Unused Serialized files (Serialized files now loaded: 0)
System memory in use before: 80.9 MB.
System memory in use after: 81.0 MB.

Unloading 9 unused Assets to reduce memory usage. Loaded Objects now: 1987.
Total: 1.899600 ms (FindLiveObjects: 0.172500 ms CreateObjectMapping: 0.056600 ms MarkObjects: 1.652500 ms  DeleteObjects: 0.017100 ms)

========================================================================
Received Import Request.
  Time since last request: 2421.727231 seconds.
  path: Assets/RW/Scripts/FishGenerator.cs
  artifactKey: Guid(40380ac0a6b4ca1499911c5811f91143) Importer(815301076,1909f56bfc062723c751e8b465ee728b)
Start importing Assets/RW/Scripts/FishGenerator.cs using Guid(40380ac0a6b4ca1499911c5811f91143) Importer(815301076,1909f56bfc062723c751e8b465ee728b)  -> (artifact id: '25feaf911cf7b3b0ccc27c6513e3fe31') in 0.011982 seconds
  Import took 0.014136 seconds .

========================================================================
Received Import Request.
  Time since last request: 6892.186235 seconds.
  path: Assets/RW/Models/Fish.fbx
  artifactKey: Guid(fb656a2db53eefc498b0fb7e695cc1dc) Importer(815301076,1909f56bfc062723c751e8b465ee728b)
Start importing Assets/RW/Models/Fish.fbx using Guid(fb656a2db53eefc498b0fb7e695cc1dc) Importer(815301076,1909f56bfc062723c751e8b465ee728b)  -> (artifact id: 'e1383c3325627b247f8e8095bb44d004') in 0.278516 seconds
  Import took 0.285370 seconds .

========================================================================
Received Import Request.
  Time since last request: 3.257719 seconds.
  path: Assets/RW/Materials
  artifactKey: Guid(6e5be356ec52f0049b0dbec998eaf243) Importer(815301076,1909f56bfc062723c751e8b465ee728b)
Start importing Assets/RW/Materials using Guid(6e5be356ec52f0049b0dbec998eaf243) Importer(815301076,1909f56bfc062723c751e8b465ee728b)  -> (artifact id: 'ee2d677a34937487c40445639ff8915e') in 0.012759 seconds
  Import took 0.015183 seconds .

========================================================================
Received Import Request.
  Time since last request: 4.892576 seconds.
  path: Assets/RW/Prefabs/Fish.prefab
  artifactKey: Guid(2b9d52ba341f12549bbad904668b74fc) Importer(815301076,1909f56bfc062723c751e8b465ee728b)
Start importing Assets/RW/Prefabs/Fish.prefab using Guid(2b9d52ba341f12549bbad904668b74fc) Importer(815301076,1909f56bfc062723c751e8b465ee728b)  -> (artifact id: 'a31f5a363dab5def053196a5cc7e9499') in 0.197950 seconds
  Import took 0.201419 seconds .

========================================================================
Received Prepare
Registering precompiled user dll's ...
Registered in 0.002497 seconds.
Begin MonoManager ReloadAssembly
Native extension for WindowsStandalone target not found
Refreshing native plugins compatible for Editor in 0.29 ms, found 0 plugins.
Preloading 0 native plugins for Editor in 0.00 ms.
Invoked RoslynAnalysisRunner static constructor.
RoslynAnalysisRunner will not be running.
RoslynAnalysisRunner has terminated.
Mono: successfully reloaded assembly
- Completed reload, in  0.847 seconds
Platform modules already initialized, skipping
Refreshing native plugins compatible for Editor in 0.34 ms, found 0 plugins.
Preloading 0 native plugins for Editor in 0.00 ms.
Unloading 1536 Unused Serialized files (Serialized files now loaded: 0)
System memory in use before: 84.5 MB.
System memory in use after: 84.6 MB.

Unloading 9 unused Assets to reduce memory usage. Loaded Objects now: 2034.
Total: 3.585300 ms (FindLiveObjects: 0.219700 ms CreateObjectMapping: 0.074900 ms MarkObjects: 3.258400 ms  DeleteObjects: 0.030300 ms)

========================================================================
Received Prepare
Registering precompiled user dll's ...
Registered in 0.003257 seconds.
Begin MonoManager ReloadAssembly
Native extension for WindowsStandalone target not found
Refreshing native plugins compatible for Editor in 0.26 ms, found 0 plugins.
Preloading 0 native plugins for Editor in 0.00 ms.
Invoked RoslynAnalysisRunner static constructor.
RoslynAnalysisRunner will not be running.
RoslynAnalysisRunner has terminated.
Mono: successfully reloaded assembly
- Completed reload, in  0.863 seconds
Platform modules already initialized, skipping
Refreshing native plugins compatible for Editor in 0.31 ms, found 0 plugins.
Preloading 0 native plugins for Editor in 0.00 ms.
Unloading 1536 Unused Serialized files (Serialized files now loaded: 0)
System memory in use before: 84.5 MB.
System memory in use after: 84.6 MB.

Unloading 9 unused Assets to reduce memory usage. Loaded Objects now: 2038.
Total: 1.949600 ms (FindLiveObjects: 0.181000 ms CreateObjectMapping: 0.057300 ms MarkObjects: 1.683500 ms  DeleteObjects: 0.026600 ms)

========================================================================
Received Prepare
Registering precompiled user dll's ...
Registered in 0.003638 seconds.
Begin MonoManager ReloadAssembly
Native extension for WindowsStandalone target not found
Refreshing native plugins compatible for Editor in 0.29 ms, found 0 plugins.
Preloading 0 native plugins for Editor in 0.00 ms.
Invoked RoslynAnalysisRunner static constructor.
RoslynAnalysisRunner will not be running.
RoslynAnalysisRunner has terminated.
Mono: successfully reloaded assembly
- Completed reload, in  1.144 seconds
Platform modules already initialized, skipping
Refreshing native plugins compatible for Editor in 0.33 ms, found 0 plugins.
Preloading 0 native plugins for Editor in 0.00 ms.
Unloading 1536 Unused Serialized files (Serialized files now loaded: 0)
System memory in use before: 84.5 MB.
System memory in use after: 84.6 MB.

Unloading 9 unused Assets to reduce memory usage. Loaded Objects now: 2042.
Total: 2.231800 ms (FindLiveObjects: 0.311100 ms CreateObjectMapping: 0.103400 ms MarkObjects: 1.789600 ms  DeleteObjects: 0.026300 ms)

========================================================================
Received Prepare
Registering precompiled user dll's ...
Registered in 0.002718 seconds.
Begin MonoManager ReloadAssembly
Native extension for WindowsStandalone target not found
Refreshing native plugins compatible for Editor in 0.25 ms, found 0 plugins.
Preloading 0 native plugins for Editor in 0.00 ms.
Invoked RoslynAnalysisRunner static constructor.
RoslynAnalysisRunner will not be running.
RoslynAnalysisRunner has terminated.
Mono: successfully reloaded assembly
- Completed reload, in  0.929 seconds
Platform modules already initialized, skipping
Refreshing native plugins compatible for Editor in 0.27 ms, found 0 plugins.
Preloading 0 native plugins for Editor in 0.00 ms.
Unloading 1536 Unused Serialized files (Serialized files now loaded: 0)
System memory in use before: 84.5 MB.
System memory in use after: 84.6 MB.

Unloading 9 unused Assets to reduce memory usage. Loaded Objects now: 2046.
Total: 2.018700 ms (FindLiveObjects: 0.199600 ms CreateObjectMapping: 0.064600 ms MarkObjects: 1.730200 ms  DeleteObjects: 0.022800 ms)

========================================================================
Received Prepare
Registering precompiled user dll's ...
Registered in 0.006427 seconds.
Begin MonoManager ReloadAssembly
Native extension for WindowsStandalone target not found
Refreshing native plugins compatible for Editor in 0.26 ms, found 0 plugins.
Preloading 0 native plugins for Editor in 0.00 ms.
Invoked RoslynAnalysisRunner static constructor.
RoslynAnalysisRunner will not be running.
RoslynAnalysisRunner has terminated.
Mono: successfully reloaded assembly
- Completed reload, in  0.991 seconds
Platform modules already initialized, skipping
Refreshing native plugins compatible for Editor in 0.26 ms, found 0 plugins.
Preloading 0 native plugins for Editor in 0.00 ms.
Unloading 1536 Unused Serialized files (Serialized files now loaded: 0)
System memory in use before: 84.5 MB.
System memory in use after: 84.6 MB.

Unloading 9 unused Assets to reduce memory usage. Loaded Objects now: 2050.
Total: 1.840200 ms (FindLiveObjects: 0.147500 ms CreateObjectMapping: 0.050100 ms MarkObjects: 1.628300 ms  DeleteObjects: 0.013600 ms)

AssetImportWorkerClient::OnTransportError - code=2 error=End of file
