Using pre-set license
Built from '2020.2/china_unity/release' branch; Version is '2020.2.6f1c1 (88e64323f9a5) revision 8971843'; Using compiler version '192528614'; Build Type 'Release'
OS: 'Windows 10 Enterprise LTSC 2019; OS build 17763.1999; Version 1809; 64bit' Language: 'zh' Physical Memory: 16308 MB
BatchMode: 1, IsHumanControllingUs: 0, StartBugReporterOnCrash: 0, Is64bit: 1, IsPro: 0

 COMMAND LINE ARGUMENTS:
E:\Unity 2020.1.14\Editor\2020.2.6f1c1\Editor\Unity.exe
-adb2
-batchMode
-noUpm
-name
AssetImportWorker0
-projectPath
G:/Resource/WorkSpace_Unity/UnityStudyRecord/Introduction_to_Job_System/Introduction to Job System Starter
-logFile
Logs/AssetImportWorker0.log
-srvPort
4148
Successfully changed project path to: G:/Resource/WorkSpace_Unity/UnityStudyRecord/Introduction_to_Job_System/Introduction to Job System Starter
G:/Resource/WorkSpace_Unity/UnityStudyRecord/Introduction_to_Job_System/Introduction to Job System Starter
Using Asset Import Pipeline V2.
Refreshing native plugins compatible for Editor in 21.69 ms, found 0 plugins.
Preloading 0 native plugins for Editor in 0.00 ms.
Initialize engine version: 2020.2.6f1c1 (88e64323f9a5)
[Subsystems] Discovering subsystems at path E:/Unity 2020.1.14/Editor/2020.2.6f1c1/Editor/Data/Resources/UnitySubsystems
[Subsystems] Discovering subsystems at path G:/Resource/WorkSpace_Unity/UnityStudyRecord/Introduction_to_Job_System/Introduction to Job System Starter/Assets
GfxDevice: creating device client; threaded=0
Direct3D:
    Version:  Direct3D 11.0 [level 11.1]
    Renderer: NVIDIA GeForce RTX 2060 (ID=0x1e89)
    Vendor:   
    VRAM:     5968 MB
    Driver:   27.21.14.6611
Initialize mono
Mono path[0] = 'E:/Unity 2020.1.14/Editor/2020.2.6f1c1/Editor/Data/Managed'
Mono path[1] = 'E:/Unity 2020.1.14/Editor/2020.2.6f1c1/Editor/Data/MonoBleedingEdge/lib/mono/unityjit'
Mono config path = 'E:/Unity 2020.1.14/Editor/2020.2.6f1c1/Editor/Data/MonoBleedingEdge/etc'
Using monoOptions --debugger-agent=transport=dt_socket,embedding=1,server=y,suspend=n,address=127.0.0.1:56944
Begin MonoManager ReloadAssembly
Registering precompiled unity dll's ...
Register platform support module: E:/Unity 2020.1.14/Editor/2020.2.6f1c1/Editor/Data/PlaybackEngines/WindowsStandaloneSupport/UnityEditor.WindowsStandalone.Extensions.dll
Registered in 0.000908 seconds.
Native extension for WindowsStandalone target not found
Refreshing native plugins compatible for Editor in 22.35 ms, found 0 plugins.
Preloading 0 native plugins for Editor in 0.00 ms.
Invoked RoslynAnalysisRunner static constructor.
RoslynAnalysisRunner will not be running.
RoslynAnalysisRunner has terminated.
Mono: successfully reloaded assembly
- Completed reload, in  0.899 seconds
Platform modules already initialized, skipping
Registering precompiled user dll's ...
Registered in 0.001023 seconds.
Begin MonoManager ReloadAssembly
Native extension for WindowsStandalone target not found
Refreshing native plugins compatible for Editor in 0.19 ms, found 0 plugins.
Preloading 0 native plugins for Editor in 0.00 ms.
Invoked RoslynAnalysisRunner static constructor.
RoslynAnalysisRunner will not be running.
RoslynAnalysisRunner has terminated.
Mono: successfully reloaded assembly
- Completed reload, in  0.764 seconds
Platform modules already initialized, skipping
========================================================================
Worker process is ready to serve import requests
Launched and connected shader compiler UnityShaderCompiler.exe after 0.04 seconds
Refreshing native plugins compatible for Editor in 0.22 ms, found 0 plugins.
Preloading 0 native plugins for Editor in 0.00 ms.
Unloading 1105 Unused Serialized files (Serialized files now loaded: 0)
System memory in use before: 57.1 MB.
System memory in use after: 57.1 MB.

Unloading 9 unused Assets to reduce memory usage. Loaded Objects now: 1547.
Total: 2.499500 ms (FindLiveObjects: 0.182900 ms CreateObjectMapping: 0.058700 ms MarkObjects: 2.196900 ms  DeleteObjects: 0.059000 ms)

========================================================================
Received Import Request.
  path: Assets/RW/Scenes/Main Scene.unity
  artifactKey: Guid(ddb891b64ee31214a98a04be282a749a) Importer(815301076,1909f56bfc062723c751e8b465ee728b)
Start importing Assets/RW/Scenes/Main Scene.unity using Guid(ddb891b64ee31214a98a04be282a749a) Importer(815301076,1909f56bfc062723c751e8b465ee728b)  -> (artifact id: 'f0e6c9659ac278836e5df0b8e1afa290') in 0.018130 seconds
  Import took 0.019817 seconds .

========================================================================
Received Prepare
Registering precompiled user dll's ...
Registered in 0.004043 seconds.
Begin MonoManager ReloadAssembly
Native extension for WindowsStandalone target not found
Refreshing native plugins compatible for Editor in 0.41 ms, found 0 plugins.
Preloading 0 native plugins for Editor in 0.00 ms.
Invoked RoslynAnalysisRunner static constructor.
RoslynAnalysisRunner will not be running.
RoslynAnalysisRunner has terminated.
Mono: successfully reloaded assembly
- Completed reload, in  2.157 seconds
Platform modules already initialized, skipping
Refreshing native plugins compatible for Editor in 0.27 ms, found 0 plugins.
Preloading 0 native plugins for Editor in 0.00 ms.
Unloading 1537 Unused Serialized files (Serialized files now loaded: 0)
System memory in use before: 81.0 MB.
System memory in use after: 81.1 MB.

Unloading 9 unused Assets to reduce memory usage. Loaded Objects now: 1984.
Total: 2.330600 ms (FindLiveObjects: 0.197400 ms CreateObjectMapping: 0.058200 ms MarkObjects: 2.001800 ms  DeleteObjects: 0.072100 ms)

========================================================================
Received Prepare
Registering precompiled user dll's ...
Registered in 0.002446 seconds.
Begin MonoManager ReloadAssembly
Native extension for WindowsStandalone target not found
Refreshing native plugins compatible for Editor in 0.31 ms, found 0 plugins.
Preloading 0 native plugins for Editor in 0.00 ms.
Invoked RoslynAnalysisRunner static constructor.
RoslynAnalysisRunner will not be running.
RoslynAnalysisRunner has terminated.
Mono: successfully reloaded assembly
- Completed reload, in  0.921 seconds
Platform modules already initialized, skipping
Refreshing native plugins compatible for Editor in 0.31 ms, found 0 plugins.
Preloading 0 native plugins for Editor in 0.00 ms.
Unloading 1537 Unused Serialized files (Serialized files now loaded: 0)
System memory in use before: 81.1 MB.
System memory in use after: 81.1 MB.

Unloading 10 unused Assets to reduce memory usage. Loaded Objects now: 1988.
Total: 1.823400 ms (FindLiveObjects: 0.191500 ms CreateObjectMapping: 0.061200 ms MarkObjects: 1.517700 ms  DeleteObjects: 0.050700 ms)

========================================================================
Received Import Request.
  Time since last request: 1646.180555 seconds.
  path: Assets/RW/Scripts/WaveGenerator.cs
  artifactKey: Guid(307715fb5205d6848a2e3dccdb7a41be) Importer(815301076,1909f56bfc062723c751e8b465ee728b)
Start importing Assets/RW/Scripts/WaveGenerator.cs using Guid(307715fb5205d6848a2e3dccdb7a41be) Importer(815301076,1909f56bfc062723c751e8b465ee728b)  -> (artifact id: 'c6b9d67e7ece1bcc47867b71d03328f3') in 0.076673 seconds
  Import took 0.079391 seconds .

========================================================================
Received Import Request.
  Time since last request: 3.446983 seconds.
  path: Assets/RW/Scripts/FishGenerator.cs
  artifactKey: Guid(40380ac0a6b4ca1499911c5811f91143) Importer(815301076,1909f56bfc062723c751e8b465ee728b)
Start importing Assets/RW/Scripts/FishGenerator.cs using Guid(40380ac0a6b4ca1499911c5811f91143) Importer(815301076,1909f56bfc062723c751e8b465ee728b)  -> (artifact id: 'a5cbbfec84203fca6fc655a8f7ecca6f') in 0.015161 seconds
  Import took 0.018090 seconds .

========================================================================
Received Import Request.
  Time since last request: 2741.852901 seconds.
  path: Assets/RW/Scripts/WaveGenerator.cs
  artifactKey: Guid(307715fb5205d6848a2e3dccdb7a41be) Importer(815301076,1909f56bfc062723c751e8b465ee728b)
Start importing Assets/RW/Scripts/WaveGenerator.cs using Guid(307715fb5205d6848a2e3dccdb7a41be) Importer(815301076,1909f56bfc062723c751e8b465ee728b)  -> (artifact id: '91ed1d6c06d8c7d6715bc6399f14c507') in 0.018641 seconds
  Import took 0.023245 seconds .

========================================================================
Received Import Request.
  Time since last request: 0.093895 seconds.
  path: Assets/RW/Scripts/WaveGenerator.cs
  artifactKey: Guid(307715fb5205d6848a2e3dccdb7a41be) Importer(815301076,1909f56bfc062723c751e8b465ee728b)
Start importing Assets/RW/Scripts/WaveGenerator.cs using Guid(307715fb5205d6848a2e3dccdb7a41be) Importer(815301076,1909f56bfc062723c751e8b465ee728b)  -> (artifact id: '91ed1d6c06d8c7d6715bc6399f14c507') in 0.003829 seconds
  Import took 0.008369 seconds .

========================================================================
Received Prepare
Registering precompiled user dll's ...
Registered in 0.047499 seconds.
Begin MonoManager ReloadAssembly
Native extension for WindowsStandalone target not found
Refreshing native plugins compatible for Editor in 0.32 ms, found 0 plugins.
Preloading 0 native plugins for Editor in 0.00 ms.
Invoked RoslynAnalysisRunner static constructor.
RoslynAnalysisRunner will not be running.
RoslynAnalysisRunner has terminated.
Mono: successfully reloaded assembly
- Completed reload, in  1.041 seconds
Platform modules already initialized, skipping
Refreshing native plugins compatible for Editor in 0.27 ms, found 0 plugins.
Preloading 0 native plugins for Editor in 0.00 ms.
Unloading 1537 Unused Serialized files (Serialized files now loaded: 0)
System memory in use before: 81.1 MB.
System memory in use after: 81.2 MB.

Unloading 10 unused Assets to reduce memory usage. Loaded Objects now: 1992.
Total: 1.994000 ms (FindLiveObjects: 0.198900 ms CreateObjectMapping: 0.067100 ms MarkObjects: 1.636900 ms  DeleteObjects: 0.090200 ms)

========================================================================
Received Prepare
Registering precompiled user dll's ...
Registered in 0.003297 seconds.
Begin MonoManager ReloadAssembly
Native extension for WindowsStandalone target not found
Refreshing native plugins compatible for Editor in 0.45 ms, found 0 plugins.
Preloading 0 native plugins for Editor in 0.00 ms.
Invoked RoslynAnalysisRunner static constructor.
RoslynAnalysisRunner will not be running.
RoslynAnalysisRunner has terminated.
Mono: successfully reloaded assembly
- Completed reload, in  0.906 seconds
Platform modules already initialized, skipping
Refreshing native plugins compatible for Editor in 0.30 ms, found 0 plugins.
Preloading 0 native plugins for Editor in 0.00 ms.
Unloading 1537 Unused Serialized files (Serialized files now loaded: 0)
System memory in use before: 81.1 MB.
System memory in use after: 81.2 MB.

Unloading 10 unused Assets to reduce memory usage. Loaded Objects now: 1996.
Total: 3.426600 ms (FindLiveObjects: 0.423200 ms CreateObjectMapping: 0.207700 ms MarkObjects: 2.729700 ms  DeleteObjects: 0.063100 ms)

========================================================================
Received Prepare
Registering precompiled user dll's ...
Registered in 0.004196 seconds.
Begin MonoManager ReloadAssembly
Native extension for WindowsStandalone target not found
Refreshing native plugins compatible for Editor in 0.36 ms, found 0 plugins.
Preloading 0 native plugins for Editor in 0.00 ms.
Invoked RoslynAnalysisRunner static constructor.
RoslynAnalysisRunner will not be running.
RoslynAnalysisRunner has terminated.
Mono: successfully reloaded assembly
- Completed reload, in  2.501 seconds
Platform modules already initialized, skipping
Refreshing native plugins compatible for Editor in 0.38 ms, found 0 plugins.
Preloading 0 native plugins for Editor in 0.00 ms.
Unloading 1537 Unused Serialized files (Serialized files now loaded: 0)
System memory in use before: 81.1 MB.
System memory in use after: 81.2 MB.

Unloading 10 unused Assets to reduce memory usage. Loaded Objects now: 2000.
Total: 8.467100 ms (FindLiveObjects: 0.181300 ms CreateObjectMapping: 0.061100 ms MarkObjects: 8.118200 ms  DeleteObjects: 0.104800 ms)

========================================================================
Received Prepare
Registering precompiled user dll's ...
Registered in 0.002503 seconds.
Begin MonoManager ReloadAssembly
Native extension for WindowsStandalone target not found
Refreshing native plugins compatible for Editor in 0.39 ms, found 0 plugins.
Preloading 0 native plugins for Editor in 0.00 ms.
Invoked RoslynAnalysisRunner static constructor.
RoslynAnalysisRunner will not be running.
RoslynAnalysisRunner has terminated.
Mono: successfully reloaded assembly
- Completed reload, in  1.032 seconds
Platform modules already initialized, skipping
Refreshing native plugins compatible for Editor in 0.27 ms, found 0 plugins.
Preloading 0 native plugins for Editor in 0.00 ms.
Unloading 1537 Unused Serialized files (Serialized files now loaded: 0)
System memory in use before: 81.1 MB.
System memory in use after: 81.2 MB.

Unloading 10 unused Assets to reduce memory usage. Loaded Objects now: 2004.
Total: 1.751500 ms (FindLiveObjects: 0.169800 ms CreateObjectMapping: 0.053500 ms MarkObjects: 1.476100 ms  DeleteObjects: 0.050500 ms)

========================================================================
Received Prepare
Registering precompiled user dll's ...
Registered in 0.003559 seconds.
Begin MonoManager ReloadAssembly
Native extension for WindowsStandalone target not found
Refreshing native plugins compatible for Editor in 0.36 ms, found 0 plugins.
Preloading 0 native plugins for Editor in 0.00 ms.
Invoked RoslynAnalysisRunner static constructor.
RoslynAnalysisRunner will not be running.
RoslynAnalysisRunner has terminated.
Mono: successfully reloaded assembly
- Completed reload, in  1.028 seconds
Platform modules already initialized, skipping
Refreshing native plugins compatible for Editor in 0.30 ms, found 0 plugins.
Preloading 0 native plugins for Editor in 0.00 ms.
Unloading 1537 Unused Serialized files (Serialized files now loaded: 0)
System memory in use before: 81.1 MB.
System memory in use after: 81.2 MB.

Unloading 10 unused Assets to reduce memory usage. Loaded Objects now: 2008.
Total: 1.727100 ms (FindLiveObjects: 0.197300 ms CreateObjectMapping: 0.064200 ms MarkObjects: 1.420800 ms  DeleteObjects: 0.043100 ms)

AssetImportWorkerClient::OnTransportError - code=2 error=End of file
